\BOOKMARK [0][-]{chapter*.1}{\376\377\000S\000t\000a\000t\000e\000m\000e\000n\000t\000\040\000o\000f\000\040\000O\000r\000i\000g\000i\000n\000a\000l\000i\000t\000y}{}% 1
\BOOKMARK [0][-]{chapter*.2}{\376\377\000S\000u\000p\000e\000r\000v\000i\000s\000o\000r\000\040\000D\000e\000c\000l\000a\000r\000a\000t\000i\000o\000n\000\040\000S\000t\000a\000t\000e\000m\000e\000n\000t}{}% 2
\BOOKMARK [0][-]{chapter*.3}{\376\377\000A\000u\000t\000h\000o\000r\000s\000h\000i\000p\000\040\000A\000t\000t\000r\000i\000b\000u\000t\000i\000o\000n\000\040\000S\000t\000a\000t\000e\000m\000e\000n\000t}{}% 3
\BOOKMARK [0][-]{chapter*.4}{\376\377\000A\000b\000s\000t\000r\000a\000c\000t}{}% 4
\BOOKMARK [0][-]{chapter*.5}{\376\377\000A\000c\000k\000n\000o\000w\000l\000e\000d\000g\000e\000m\000e\000n\000t\000s}{}% 5
\BOOKMARK [0][-]{chapter*.7}{\376\377\000L\000i\000s\000t\000\040\000o\000f\000\040\000F\000i\000g\000u\000r\000e\000s}{}% 6
\BOOKMARK [0][-]{chapter*.8}{\376\377\000L\000i\000s\000t\000\040\000o\000f\000\040\000T\000a\000b\000l\000e\000s}{}% 7
\BOOKMARK [0][-]{chapter*.9}{\376\377\000L\000i\000s\000t\000\040\000o\000f\000\040\000A\000b\000b\000r\000e\000v\000i\000a\000t\000i\000o\000n\000s}{}% 8
\BOOKMARK [0][-]{chapter.1}{\376\377\0001\000\040\000I\000n\000t\000r\000o\000d\000u\000c\000t\000i\000o\000n}{}% 9
\BOOKMARK [1][-]{section.1.1}{\376\377\0001\000.\0001\000\040\000B\000a\000c\000k\000g\000r\000o\000u\000n\000d\000\040\000a\000n\000d\000\040\000M\000o\000t\000i\000v\000a\000t\000i\000o\000n}{chapter.1}% 10
\BOOKMARK [2][-]{subsection.1.1.1}{\376\377\0001\000.\0001\000.\0001\000\040\000A\000D\000H\000D\000\040\000P\000r\000e\000v\000a\000l\000e\000n\000c\000e\000\040\000a\000n\000d\000\040\000t\000h\000e\000\040\000E\000x\000e\000c\000u\000t\000i\000v\000e\000\040\000F\000u\000n\000c\000t\000i\000o\000n\000\040\000D\000e\000f\000i\000c\000i\000t}{section.1.1}% 11
\BOOKMARK [2][-]{subsection.1.1.2}{\376\377\0001\000.\0001\000.\0002\000\040\000E\000c\000o\000n\000o\000m\000i\000c\000\040\000I\000m\000p\000a\000c\000t\000\040\000a\000n\000d\000\040\000t\000h\000e\000\040\000K\000n\000o\000w\000l\000e\000d\000g\000e\000\040\000W\000o\000r\000k\000e\000r\000\040\000G\000a\000p}{section.1.1}% 12
\BOOKMARK [2][-]{subsection.1.1.3}{\376\377\0001\000.\0001\000.\0003\000\040\000T\000h\000e\000\040\000D\000i\000g\000i\000t\000a\000l\000\040\000D\000i\000s\000t\000r\000a\000c\000t\000i\000o\000n\000\040\000P\000a\000r\000a\000d\000o\000x}{section.1.1}% 13
\BOOKMARK [2][-]{subsection.1.1.4}{\376\377\0001\000.\0001\000.\0004\000\040\000E\000m\000o\000t\000i\000o\000n\000\040\000D\000y\000s\000r\000e\000g\000u\000l\000a\000t\000i\000o\000n\000\040\000a\000s\000\040\000a\000\040\000C\000o\000r\000e\000\040\000S\000y\000m\000p\000t\000o\000m}{section.1.1}% 14
\BOOKMARK [2][-]{subsection.1.1.5}{\376\377\0001\000.\0001\000.\0005\000\040\000T\000h\000e\000\040\000S\000e\000c\000o\000n\000d\000\040\000B\000r\000a\000i\000n\000\040\000P\000a\000r\000a\000d\000i\000g\000m\000\040\000a\000n\000d\000\040\000t\000h\000e\000\040\000P\000r\000i\000v\000a\000c\000y\000\040\000I\000m\000p\000e\000r\000a\000t\000i\000v\000e}{section.1.1}% 15
\BOOKMARK [1][-]{section.1.2}{\376\377\0001\000.\0002\000\040\000P\000r\000o\000b\000l\000e\000m\000\040\000S\000t\000a\000t\000e\000m\000e\000n\000t}{chapter.1}% 16
\BOOKMARK [1][-]{section.1.3}{\376\377\0001\000.\0003\000\040\000P\000r\000o\000j\000e\000c\000t\000\040\000O\000b\000j\000e\000c\000t\000i\000v\000e\000s}{chapter.1}% 17
\BOOKMARK [1][-]{section.1.4}{\376\377\0001\000.\0004\000\040\000P\000r\000o\000j\000e\000c\000t\000\040\000S\000c\000o\000p\000e\000\040\000a\000n\000d\000\040\000L\000i\000m\000i\000t\000a\000t\000i\000o\000n\000s}{chapter.1}% 18
\BOOKMARK [1][-]{section.1.5}{\376\377\0001\000.\0005\000\040\000C\000o\000n\000t\000r\000i\000b\000u\000t\000i\000o\000n\000s\000\040\000a\000n\000d\000\040\000S\000i\000g\000n\000i\000f\000i\000c\000a\000n\000c\000e}{chapter.1}% 19
\BOOKMARK [1][-]{section.1.6}{\376\377\0001\000.\0006\000\040\000R\000e\000p\000o\000r\000t\000\040\000O\000r\000g\000a\000n\000i\000s\000a\000t\000i\000o\000n}{chapter.1}% 20
\BOOKMARK [0][-]{chapter.2}{\376\377\0002\000\040\000L\000i\000t\000e\000r\000a\000t\000u\000r\000e\000\040\000R\000e\000v\000i\000e\000w}{}% 21
\BOOKMARK [1][-]{section.2.1}{\376\377\0002\000.\0001\000\040\000A\000D\000H\000D\000\040\000a\000n\000d\000\040\000E\000x\000e\000c\000u\000t\000i\000v\000e\000\040\000F\000u\000n\000c\000t\000i\000o\000n\000\040\000i\000n\000\040\000D\000i\000g\000i\000t\000a\000l\000\040\000E\000n\000v\000i\000r\000o\000n\000m\000e\000n\000t\000s}{chapter.2}% 22
\BOOKMARK [2][-]{subsection.2.1.1}{\376\377\0002\000.\0001\000.\0001\000\040\000P\000r\000e\000v\000a\000l\000e\000n\000c\000e\000\040\000a\000n\000d\000\040\000C\000l\000i\000n\000i\000c\000a\000l\000\040\000S\000i\000g\000n\000i\000f\000i\000c\000a\000n\000c\000e\000\040\000o\000f\000\040\000A\000d\000u\000l\000t\000\040\000A\000D\000H\000D}{section.2.1}% 23
\BOOKMARK [2][-]{subsection.2.1.2}{\376\377\0002\000.\0001\000.\0002\000\040\000E\000x\000e\000c\000u\000t\000i\000v\000e\000\040\000F\000u\000n\000c\000t\000i\000o\000n\000\040\000D\000e\000f\000i\000c\000i\000t\000s\000\040\000a\000s\000\040\000t\000h\000e\000\040\000C\000o\000r\000e\000\040\000M\000e\000c\000h\000a\000n\000i\000s\000m}{section.2.1}% 24
\BOOKMARK [2][-]{subsection.2.1.3}{\376\377\0002\000.\0001\000.\0003\000\040\000D\000i\000g\000i\000t\000a\000l\000\040\000E\000n\000v\000i\000r\000o\000n\000m\000e\000n\000t\000s\000\040\000a\000s\000\040\000A\000m\000p\000l\000i\000f\000i\000e\000r\000s\000\040\000o\000f\000\040\000A\000D\000H\000D\000\040\000S\000y\000m\000p\000t\000o\000m\000s}{section.2.1}% 25
\BOOKMARK [1][-]{section.2.2}{\376\377\0002\000.\0002\000\040\000T\000e\000c\000h\000n\000o\000l\000o\000g\000y\000-\000B\000a\000s\000e\000d\000\040\000A\000D\000H\000D\000\040\000I\000n\000t\000e\000r\000v\000e\000n\000t\000i\000o\000n\000s}{chapter.2}% 26
\BOOKMARK [2][-]{subsection.2.2.1}{\376\377\0002\000.\0002\000.\0001\000\040\000E\000v\000i\000d\000e\000n\000c\000e\000\040\000B\000a\000s\000e\000\040\000f\000o\000r\000\040\000D\000i\000g\000i\000t\000a\000l\000\040\000A\000D\000H\000D\000\040\000I\000n\000t\000e\000r\000v\000e\000n\000t\000i\000o\000n\000s}{section.2.2}% 27
\BOOKMARK [2][-]{subsection.2.2.2}{\376\377\0002\000.\0002\000.\0002\000\040\000P\000o\000p\000u\000l\000a\000t\000i\000o\000n\000-\000S\000p\000e\000c\000i\000f\000i\000c\000\040\000E\000v\000i\000d\000e\000n\000c\000e\000\040\000a\000n\000d\000\040\000G\000a\000p\000s}{section.2.2}% 28
\BOOKMARK [2][-]{subsection.2.2.3}{\376\377\0002\000.\0002\000.\0003\000\040\000D\000e\000s\000i\000g\000n\000\040\000P\000r\000i\000n\000c\000i\000p\000l\000e\000s\000\040\000f\000o\000r\000\040\000D\000i\000g\000i\000t\000a\000l\000\040\000M\000e\000n\000t\000a\000l\000\040\000H\000e\000a\000l\000t\000h\000\040\000I\000n\000t\000e\000r\000v\000e\000n\000t\000i\000o\000n\000s}{section.2.2}% 29
\BOOKMARK [1][-]{section.2.3}{\376\377\0002\000.\0003\000\040\000A\000I\000\040\000a\000n\000d\000\040\000L\000L\000M\000-\000P\000o\000w\000e\000r\000e\000d\000\040\000M\000e\000n\000t\000a\000l\000\040\000H\000e\000a\000l\000t\000h\000\040\000A\000p\000p\000l\000i\000c\000a\000t\000i\000o\000n\000s}{chapter.2}% 30
\BOOKMARK [2][-]{subsection.2.3.1}{\376\377\0002\000.\0003\000.\0001\000\040\000C\000o\000n\000v\000e\000r\000s\000a\000t\000i\000o\000n\000a\000l\000\040\000A\000I\000:\000\040\000F\000o\000u\000n\000d\000a\000t\000i\000o\000n\000a\000l\000\040\000E\000v\000i\000d\000e\000n\000c\000e}{section.2.3}% 31
\BOOKMARK [2][-]{subsection.2.3.2}{\376\377\0002\000.\0003\000.\0002\000\040\000T\000h\000e\000\040\000L\000L\000M\000\040\000R\000e\000v\000o\000l\000u\000t\000i\000o\000n\000\040\000i\000n\000\040\000M\000e\000n\000t\000a\000l\000\040\000H\000e\000a\000l\000t\000h\000\040\000C\000h\000a\000t\000b\000o\000t\000s}{section.2.3}% 32
\BOOKMARK [2][-]{subsection.2.3.3}{\376\377\0002\000.\0003\000.\0003\000\040\000P\000r\000o\000m\000p\000t\000\040\000E\000n\000g\000i\000n\000e\000e\000r\000i\000n\000g\000\040\000a\000n\000d\000\040\000S\000a\000f\000e\000t\000y\000\040\000F\000r\000a\000m\000e\000w\000o\000r\000k\000s}{section.2.3}% 33
\BOOKMARK [1][-]{section.2.4}{\376\377\0002\000.\0004\000\040\000A\000f\000f\000e\000c\000t\000i\000v\000e\000\040\000C\000o\000m\000p\000u\000t\000i\000n\000g\000\040\000a\000n\000d\000\040\000S\000e\000n\000t\000i\000c\000N\000e\000t}{chapter.2}% 34
\BOOKMARK [2][-]{subsection.2.4.1}{\376\377\0002\000.\0004\000.\0001\000\040\000T\000h\000e\000\040\000E\000v\000o\000l\000u\000t\000i\000o\000n\000\040\000o\000f\000\040\000S\000e\000n\000t\000i\000c\000N\000e\000t}{section.2.4}% 35
\BOOKMARK [2][-]{subsection.2.4.2}{\376\377\0002\000.\0004\000.\0002\000\040\000S\000e\000n\000t\000i\000c\000N\000e\000t\000\040\000i\000n\000\040\000t\000h\000e\000\040\000C\000o\000n\000t\000e\000x\000t\000\040\000o\000f\000\040\000A\000D\000H\000D\000\040\000E\000m\000o\000t\000i\000o\000n\000\040\000C\000l\000a\000s\000s\000i\000f\000i\000c\000a\000t\000i\000o\000n}{section.2.4}% 36
\BOOKMARK [2][-]{subsection.2.4.3}{\376\377\0002\000.\0004\000.\0003\000\040\000B\000e\000y\000o\000n\000d\000\040\000S\000e\000n\000t\000i\000c\000N\000e\000t\000:\000\040\000C\000o\000n\000t\000r\000a\000s\000t\000i\000v\000e\000\040\000a\000n\000d\000\040\000I\000n\000t\000e\000r\000p\000r\000e\000t\000a\000b\000l\000e\000\040\000A\000p\000p\000r\000o\000a\000c\000h\000e\000s}{section.2.4}% 37
\BOOKMARK [1][-]{section.2.5}{\376\377\0002\000.\0005\000\040\000S\000e\000c\000o\000n\000d\000\040\000B\000r\000a\000i\000n\000\040\000a\000n\000d\000\040\000P\000e\000r\000s\000o\000n\000a\000l\000\040\000K\000n\000o\000w\000l\000e\000d\000g\000e\000\040\000M\000a\000n\000a\000g\000e\000m\000e\000n\000t}{chapter.2}% 38
\BOOKMARK [2][-]{subsection.2.5.1}{\376\377\0002\000.\0005\000.\0001\000\040\000T\000h\000e\000\040\000S\000e\000c\000o\000n\000d\000\040\000B\000r\000a\000i\000n\000\040\000P\000a\000r\000a\000d\000i\000g\000m}{section.2.5}% 39
\BOOKMARK [2][-]{subsection.2.5.2}{\376\377\0002\000.\0005\000.\0002\000\040\000P\000K\000M\000\040\000i\000n\000\040\000P\000r\000a\000c\000t\000i\000c\000e\000\040\000a\000n\000d\000\040\000t\000h\000e\000\040\000R\000o\000l\000e\000\040\000o\000f\000\040\000A\000I}{section.2.5}% 40
\BOOKMARK [1][-]{section.2.6}{\376\377\0002\000.\0006\000\040\000O\000n\000-\000D\000e\000v\000i\000c\000e\000\040\000A\000I\000\040\000a\000n\000d\000\040\000P\000r\000i\000v\000a\000c\000y\000-\000P\000r\000e\000s\000e\000r\000v\000i\000n\000g\000\040\000I\000n\000f\000e\000r\000e\000n\000c\000e}{chapter.2}% 41
\BOOKMARK [2][-]{subsection.2.6.1}{\376\377\0002\000.\0006\000.\0001\000\040\000T\000h\000e\000\040\000C\000a\000s\000e\000\040\000f\000o\000r\000\040\000E\000d\000g\000e\000\040\000D\000e\000p\000l\000o\000y\000m\000e\000n\000t}{section.2.6}% 42
\BOOKMARK [2][-]{subsection.2.6.2}{\376\377\0002\000.\0006\000.\0002\000\040\000A\000p\000p\000l\000e\000\040\000S\000i\000l\000i\000c\000o\000n\000\040\000a\000s\000\040\000a\000n\000\040\000I\000n\000f\000e\000r\000e\000n\000c\000e\000\040\000P\000l\000a\000t\000f\000o\000r\000m}{section.2.6}% 43
\BOOKMARK [2][-]{subsection.2.6.3}{\376\377\0002\000.\0006\000.\0003\000\040\000M\000o\000d\000e\000l\000\040\000S\000e\000l\000e\000c\000t\000i\000o\000n\000\040\000f\000o\000r\000\040\000O\000n\000-\000D\000e\000v\000i\000c\000e\000\040\000A\000D\000H\000D\000\040\000S\000u\000p\000p\000o\000r\000t}{section.2.6}% 44
\BOOKMARK [1][-]{section.2.7}{\376\377\0002\000.\0007\000\040\000R\000e\000v\000i\000e\000w\000\040\000o\000f\000\040\000E\000x\000i\000s\000t\000i\000n\000g\000\040\000A\000D\000H\000D\000\040\000A\000p\000p\000l\000i\000c\000a\000t\000i\000o\000n\000s}{chapter.2}% 45
\BOOKMARK [2][-]{subsection.2.7.1}{\376\377\0002\000.\0007\000.\0001\000\040\000T\000h\000e\000\040\000C\000u\000r\000r\000e\000n\000t\000\040\000A\000p\000p\000l\000i\000c\000a\000t\000i\000o\000n\000\040\000L\000a\000n\000d\000s\000c\000a\000p\000e}{section.2.7}% 46
\BOOKMARK [2][-]{subsection.2.7.2}{\376\377\0002\000.\0007\000.\0002\000\040\000C\000o\000m\000p\000a\000r\000a\000t\000i\000v\000e\000\040\000A\000n\000a\000l\000y\000s\000i\000s}{section.2.7}% 47
\BOOKMARK [2][-]{subsection.2.7.3}{\376\377\0002\000.\0007\000.\0003\000\040\000C\000r\000i\000t\000i\000c\000a\000l\000\040\000A\000n\000a\000l\000y\000s\000i\000s\000\040\000o\000f\000\040\000G\000a\000p\000s}{section.2.7}% 48
\BOOKMARK [2][-]{subsection.2.7.4}{\376\377\0002\000.\0007\000.\0004\000\040\000D\000i\000g\000i\000t\000a\000l\000\040\000W\000e\000l\000l\000b\000e\000i\000n\000g\000\040\000T\000o\000o\000l\000\040\000E\000f\000f\000e\000c\000t\000i\000v\000e\000n\000e\000s\000s}{section.2.7}% 49
\BOOKMARK [1][-]{section.2.8}{\376\377\0002\000.\0008\000\040\000R\000e\000s\000e\000a\000r\000c\000h\000\040\000G\000a\000p\000\040\000a\000n\000d\000\040\000P\000o\000s\000i\000t\000i\000o\000n\000i\000n\000g}{chapter.2}% 50
\BOOKMARK [2][-]{subsection.2.8.1}{\376\377\0002\000.\0008\000.\0001\000\040\000S\000y\000n\000t\000h\000e\000s\000i\000s\000\040\000a\000n\000d\000\040\000I\000d\000e\000n\000t\000i\000f\000i\000e\000d\000\040\000G\000a\000p}{section.2.8}% 51
\BOOKMARK [2][-]{subsection.2.8.2}{\376\377\0002\000.\0008\000.\0002\000\040\000P\000o\000s\000i\000t\000i\000o\000n\000i\000n\000g\000\040\000o\000f\000\040\000A\000D\000H\000D\000\040\000B\000r\000a\000i\000n}{section.2.8}% 52
\BOOKMARK [0][-]{chapter.3}{\376\377\0003\000\040\000S\000y\000s\000t\000e\000m\000\040\000D\000e\000s\000i\000g\000n\000\040\000a\000n\000d\000\040\000A\000r\000c\000h\000i\000t\000e\000c\000t\000u\000r\000e}{}% 53
\BOOKMARK [1][-]{section.3.1}{\376\377\0003\000.\0001\000\040\000O\000v\000e\000r\000a\000l\000l\000\040\000S\000y\000s\000t\000e\000m\000\040\000A\000r\000c\000h\000i\000t\000e\000c\000t\000u\000r\000e}{chapter.3}% 54
\BOOKMARK [1][-]{section.3.2}{\376\377\0003\000.\0002\000\040\000D\000e\000s\000i\000g\000n\000\040\000M\000e\000t\000h\000o\000d\000o\000l\000o\000g\000y}{chapter.3}% 55
\BOOKMARK [1][-]{section.3.3}{\376\377\0003\000.\0003\000\040\000O\000n\000-\000D\000e\000v\000i\000c\000e\000\040\000L\000L\000M\000\040\000M\000o\000d\000u\000l\000e}{chapter.3}% 56
\BOOKMARK [1][-]{section.3.4}{\376\377\0003\000.\0004\000\040\000A\000f\000f\000e\000c\000t\000i\000v\000e\000\040\000C\000o\000m\000p\000u\000t\000i\000n\000g\000\040\000M\000o\000d\000u\000l\000e}{chapter.3}% 57
\BOOKMARK [1][-]{section.3.5}{\376\377\0003\000.\0005\000\040\000M\000e\000m\000o\000r\000y\000\040\000a\000n\000d\000\040\000C\000o\000n\000t\000e\000x\000t\000\040\000M\000o\000d\000u\000l\000e}{chapter.3}% 58
\BOOKMARK [1][-]{section.3.6}{\376\377\0003\000.\0006\000\040\000S\000c\000r\000e\000e\000n\000\040\000M\000o\000n\000i\000t\000o\000r\000i\000n\000g\000\040\000M\000o\000d\000u\000l\000e}{chapter.3}% 59
\BOOKMARK [1][-]{section.3.7}{\376\377\0003\000.\0007\000\040\000I\000n\000t\000e\000r\000v\000e\000n\000t\000i\000o\000n\000\040\000S\000y\000s\000t\000e\000m\000\040\000D\000e\000s\000i\000g\000n}{chapter.3}% 60
\BOOKMARK [1][-]{section.3.8}{\376\377\0003\000.\0008\000\040\000U\000I\000/\000U\000X\000\040\000D\000e\000s\000i\000g\000n}{chapter.3}% 61
\BOOKMARK [1][-]{section.3.9}{\376\377\0003\000.\0009\000\040\000T\000e\000c\000h\000n\000o\000l\000o\000g\000y\000\040\000S\000t\000a\000c\000k\000\040\000S\000e\000l\000e\000c\000t\000i\000o\000n}{chapter.3}% 62
\BOOKMARK [0][-]{chapter.4}{\376\377\0004\000\040\000I\000m\000p\000l\000e\000m\000e\000n\000t\000a\000t\000i\000o\000n}{}% 63
\BOOKMARK [1][-]{section.4.1}{\376\377\0004\000.\0001\000\040\000D\000e\000v\000e\000l\000o\000p\000m\000e\000n\000t\000\040\000E\000n\000v\000i\000r\000o\000n\000m\000e\000n\000t\000\040\000a\000n\000d\000\040\000T\000o\000o\000l\000s}{chapter.4}% 64
\BOOKMARK [2][-]{subsection.4.1.1}{\376\377\0004\000.\0001\000.\0001\000\040\000H\000a\000r\000d\000w\000a\000r\000e\000\040\000a\000n\000d\000\040\000R\000u\000n\000t\000i\000m\000e\000\040\000E\000n\000v\000i\000r\000o\000n\000m\000e\000n\000t}{section.4.1}% 65
\BOOKMARK [2][-]{subsection.4.1.2}{\376\377\0004\000.\0001\000.\0002\000\040\000C\000o\000r\000e\000\040\000L\000i\000b\000r\000a\000r\000i\000e\000s\000\040\000a\000n\000d\000\040\000F\000r\000a\000m\000e\000w\000o\000r\000k\000s}{section.4.1}% 66
\BOOKMARK [2][-]{subsection.4.1.3}{\376\377\0004\000.\0001\000.\0003\000\040\000D\000a\000t\000a\000\040\000I\000n\000f\000r\000a\000s\000t\000r\000u\000c\000t\000u\000r\000e\000\040\000a\000n\000d\000\040\000B\000u\000i\000l\000d\000\040\000A\000u\000t\000o\000m\000a\000t\000i\000o\000n}{section.4.1}% 67
\BOOKMARK [2][-]{subsection.4.1.4}{\376\377\0004\000.\0001\000.\0004\000\040\000V\000e\000r\000s\000i\000o\000n\000\040\000C\000o\000n\000t\000r\000o\000l\000\040\000a\000n\000d\000\040\000D\000e\000p\000e\000n\000d\000e\000n\000c\000y\000\040\000M\000a\000n\000a\000g\000e\000m\000e\000n\000t}{section.4.1}% 68
\BOOKMARK [1][-]{section.4.2}{\376\377\0004\000.\0002\000\040\000L\000L\000M\000\040\000I\000n\000f\000e\000r\000e\000n\000c\000e\000\040\000P\000i\000p\000e\000l\000i\000n\000e}{chapter.4}% 69
\BOOKMARK [2][-]{subsection.4.2.1}{\376\377\0004\000.\0002\000.\0001\000\040\000O\000n\000-\000D\000e\000v\000i\000c\000e\000\040\000M\000o\000d\000e\000l\000\040\000S\000e\000l\000e\000c\000t\000i\000o\000n\000\040\000a\000n\000d\000\040\000Q\000u\000a\000n\000t\000i\000s\000a\000t\000i\000o\000n}{section.4.2}% 70
\BOOKMARK [2][-]{subsection.4.2.2}{\376\377\0004\000.\0002\000.\0002\000\040\000D\000u\000a\000l\000-\000M\000o\000d\000e\000\040\000G\000e\000n\000e\000r\000a\000t\000i\000o\000n}{section.4.2}% 71
\BOOKMARK [2][-]{subsection.4.2.3}{\376\377\0004\000.\0002\000.\0003\000\040\000S\000y\000s\000t\000e\000m\000\040\000P\000r\000o\000m\000p\000t\000\040\000E\000n\000g\000i\000n\000e\000e\000r\000i\000n\000g\000\040\000f\000o\000r\000\040\000A\000D\000H\000D\000\040\000C\000o\000a\000c\000h\000i\000n\000g}{section.4.2}% 72
\BOOKMARK [2][-]{subsection.4.2.4}{\376\377\0004\000.\0002\000.\0004\000\040\000C\000o\000n\000t\000e\000x\000t\000\040\000I\000n\000j\000e\000c\000t\000i\000o\000n\000\040\000f\000r\000o\000m\000\040\000A\000f\000f\000e\000c\000t\000i\000v\000e\000\040\000A\000n\000a\000l\000y\000s\000i\000s}{section.4.2}% 73
\BOOKMARK [1][-]{section.4.3}{\376\377\0004\000.\0003\000\040\000E\000m\000o\000t\000i\000o\000n\000\040\000C\000l\000a\000s\000s\000i\000f\000i\000c\000a\000t\000i\000o\000n\000\040\000P\000i\000p\000e\000l\000i\000n\000e}{chapter.4}% 74
\BOOKMARK [2][-]{subsection.4.3.1}{\376\377\0004\000.\0003\000.\0001\000\040\000P\000r\000o\000b\000l\000e\000m\000\040\000F\000o\000r\000m\000u\000l\000a\000t\000i\000o\000n}{section.4.3}% 75
\BOOKMARK [2][-]{subsection.4.3.2}{\376\377\0004\000.\0003\000.\0002\000\040\000A\000p\000p\000r\000o\000a\000c\000h\000\040\000A\000:\000\040\000H\000y\000b\000r\000i\000d\000\040\000E\000m\000b\000e\000d\000d\000i\000n\000g\000\040\000C\000l\000a\000s\000s\000i\000f\000i\000e\000r}{section.4.3}% 76
\BOOKMARK [2][-]{subsection.4.3.3}{\376\377\0004\000.\0003\000.\0003\000\040\000A\000p\000p\000r\000o\000a\000c\000h\000\040\000B\000:\000\040\000C\000o\000n\000t\000r\000a\000s\000t\000i\000v\000e\000\040\000L\000e\000a\000r\000n\000i\000n\000g\000\040\000\050\000P\000r\000o\000d\000u\000c\000t\000i\000o\000n\000\051}{section.4.3}% 77
\BOOKMARK [2][-]{subsection.4.3.4}{\376\377\0004\000.\0003\000.\0004\000\040\000A\000p\000p\000r\000o\000a\000c\000h\000\040\000C\000:\000\040\000D\000i\000s\000t\000i\000l\000B\000E\000R\000T\000\040\000F\000i\000n\000e\000-\000T\000u\000n\000i\000n\000g}{section.4.3}% 78
\BOOKMARK [2][-]{subsection.4.3.5}{\376\377\0004\000.\0003\000.\0005\000\040\000D\000a\000t\000a\000\040\000Q\000u\000a\000l\000i\000t\000y\000\040\000L\000e\000s\000s\000o\000n\000s}{section.4.3}% 79
\BOOKMARK [1][-]{section.4.4}{\376\377\0004\000.\0004\000\040\000S\000e\000n\000t\000i\000c\000N\000e\000t\000\040\000A\000f\000f\000e\000c\000t\000i\000v\000e\000\040\000C\000o\000m\000p\000u\000t\000i\000n\000g\000\040\000P\000i\000p\000e\000l\000i\000n\000e}{chapter.4}% 80
\BOOKMARK [1][-]{section.4.5}{\376\377\0004\000.\0005\000\040\000M\000e\000m\000o\000r\000y\000\040\000S\000y\000s\000t\000e\000m\000\040\000I\000m\000p\000l\000e\000m\000e\000n\000t\000a\000t\000i\000o\000n}{chapter.4}% 81
\BOOKMARK [1][-]{section.4.6}{\376\377\0004\000.\0006\000\040\000S\000c\000r\000e\000e\000n\000\040\000M\000o\000n\000i\000t\000o\000r\000i\000n\000g\000\040\000a\000n\000d\000\040\000A\000c\000t\000i\000v\000i\000t\000y\000\040\000C\000l\000a\000s\000s\000i\000f\000i\000c\000a\000t\000i\000o\000n}{chapter.4}% 82
\BOOKMARK [1][-]{section.4.7}{\376\377\0004\000.\0007\000\040\000I\000n\000t\000e\000r\000v\000e\000n\000t\000i\000o\000n\000\040\000E\000n\000g\000i\000n\000e}{chapter.4}% 83
\BOOKMARK [1][-]{section.4.8}{\376\377\0004\000.\0008\000\040\000m\000a\000c\000O\000S\000\040\000A\000p\000p\000l\000i\000c\000a\000t\000i\000o\000n\000\040\000a\000n\000d\000\040\000W\000e\000b\000\040\000D\000a\000s\000h\000b\000o\000a\000r\000d}{chapter.4}% 84
\BOOKMARK [1][-]{section.4.9}{\376\377\0004\000.\0009\000\040\000I\000m\000p\000l\000e\000m\000e\000n\000t\000a\000t\000i\000o\000n\000\040\000C\000h\000a\000l\000l\000e\000n\000g\000e\000s\000\040\000a\000n\000d\000\040\000S\000o\000l\000u\000t\000i\000o\000n\000s}{chapter.4}% 85
\BOOKMARK [0][-]{chapter.5}{\376\377\0005\000\040\000T\000e\000s\000t\000i\000n\000g\000\040\000a\000n\000d\000\040\000E\000v\000a\000l\000u\000a\000t\000i\000o\000n}{}% 86
\BOOKMARK [1][-]{section.5.1}{\376\377\0005\000.\0001\000\040\000T\000e\000s\000t\000i\000n\000g\000\040\000S\000t\000r\000a\000t\000e\000g\000y\000\040\000a\000n\000d\000\040\000M\000e\000t\000h\000o\000d\000o\000l\000o\000g\000y}{chapter.5}% 87
\BOOKMARK [1][-]{section.5.2}{\376\377\0005\000.\0002\000\040\000E\000m\000o\000t\000i\000o\000n\000\040\000C\000l\000a\000s\000s\000i\000f\000i\000c\000a\000t\000i\000o\000n\000\040\000E\000v\000a\000l\000u\000a\000t\000i\000o\000n}{chapter.5}% 88
\BOOKMARK [2][-]{subsection.5.2.1}{\376\377\0005\000.\0002\000.\0001\000\040\000B\000a\000s\000e\000l\000i\000n\000e\000\040\000a\000n\000d\000\040\000A\000p\000p\000r\000o\000a\000c\000h\000\040\000C\000o\000m\000p\000a\000r\000i\000s\000o\000n}{section.5.2}% 89
\BOOKMARK [2][-]{subsection.5.2.2}{\376\377\0005\000.\0002\000.\0002\000\040\000S\000e\000t\000F\000i\000t\000\040\000O\000p\000t\000i\000m\000i\000s\000a\000t\000i\000o\000n\000\040\000A\000n\000a\000l\000y\000s\000i\000s}{section.5.2}% 90
\BOOKMARK [2][-]{subsection.5.2.3}{\376\377\0005\000.\0002\000.\0003\000\040\000P\000e\000r\000-\000C\000l\000a\000s\000s\000\040\000P\000e\000r\000f\000o\000r\000m\000a\000n\000c\000e}{section.5.2}% 91
\BOOKMARK [2][-]{subsection.5.2.4}{\376\377\0005\000.\0002\000.\0004\000\040\000C\000o\000n\000f\000u\000s\000i\000o\000n\000\040\000M\000a\000t\000r\000i\000x\000\040\000A\000n\000a\000l\000y\000s\000i\000s}{section.5.2}% 92
\BOOKMARK [1][-]{section.5.3}{\376\377\0005\000.\0003\000\040\000L\000L\000M\000\040\000P\000e\000r\000f\000o\000r\000m\000a\000n\000c\000e\000\040\000E\000v\000a\000l\000u\000a\000t\000i\000o\000n}{chapter.5}% 93
\BOOKMARK [2][-]{subsection.5.3.1}{\376\377\0005\000.\0003\000.\0001\000\040\000T\000h\000r\000o\000u\000g\000h\000p\000u\000t\000\040\000a\000n\000d\000\040\000L\000a\000t\000e\000n\000c\000y}{section.5.3}% 94
\BOOKMARK [2][-]{subsection.5.3.2}{\376\377\0005\000.\0003\000.\0002\000\040\000M\000e\000m\000o\000r\000y\000\040\000F\000o\000o\000t\000p\000r\000i\000n\000t}{section.5.3}% 95
\BOOKMARK [1][-]{section.5.4}{\376\377\0005\000.\0004\000\040\000S\000e\000n\000t\000i\000c\000N\000e\000t\000\040\000P\000i\000p\000e\000l\000i\000n\000e\000\040\000E\000v\000a\000l\000u\000a\000t\000i\000o\000n}{chapter.5}% 96
\BOOKMARK [2][-]{subsection.5.4.1}{\376\377\0005\000.\0004\000.\0001\000\040\000L\000a\000t\000e\000n\000c\000y\000\040\000S\000c\000a\000l\000i\000n\000g}{section.5.4}% 97
\BOOKMARK [2][-]{subsection.5.4.2}{\376\377\0005\000.\0004\000.\0002\000\040\000R\000e\000l\000i\000a\000b\000i\000l\000i\000t\000y\000\040\000a\000n\000d\000\040\000D\000e\000t\000e\000r\000m\000i\000n\000i\000s\000m}{section.5.4}% 98
\BOOKMARK [1][-]{section.5.5}{\376\377\0005\000.\0005\000\040\000S\000e\000t\000F\000i\000t\000\040\000W\000i\000r\000i\000n\000g\000\040\000V\000e\000r\000i\000f\000i\000c\000a\000t\000i\000o\000n}{chapter.5}% 99
\BOOKMARK [2][-]{subsection.5.5.1}{\376\377\0005\000.\0005\000.\0001\000\040\000E\000m\000o\000t\000i\000o\000n\000\040\000R\000a\000d\000a\000r\000\040\000P\000A\000S\000E\000\040\000M\000a\000p\000p\000i\000n\000g}{section.5.5}% 100
\BOOKMARK [2][-]{subsection.5.5.2}{\376\377\0005\000.\0005\000.\0002\000\040\000S\000e\000t\000F\000i\000t\000\040\000C\000l\000a\000s\000s\000i\000f\000i\000e\000r\000\040\000O\000u\000t\000p\000u\000t}{section.5.5}% 101
\BOOKMARK [2][-]{subsection.5.5.3}{\376\377\0005\000.\0005\000.\0003\000\040\000J\000I\000T\000A\000I\000\040\000E\000m\000o\000t\000i\000o\000n\000\040\000R\000u\000l\000e\000\040\000V\000e\000r\000i\000f\000i\000c\000a\000t\000i\000o\000n}{section.5.5}% 102
\BOOKMARK [2][-]{subsection.5.5.4}{\376\377\0005\000.\0005\000.\0004\000\040\000C\000o\000n\000f\000i\000d\000e\000n\000c\000e\000\040\000G\000a\000t\000i\000n\000g}{section.5.5}% 103
\BOOKMARK [1][-]{section.5.6}{\376\377\0005\000.\0006\000\040\000M\000e\000m\000o\000r\000y\000\040\000S\000y\000s\000t\000e\000m\000\040\000E\000v\000a\000l\000u\000a\000t\000i\000o\000n}{chapter.5}% 104
\BOOKMARK [1][-]{section.5.7}{\376\377\0005\000.\0007\000\040\000S\000y\000s\000t\000e\000m\000\040\000I\000n\000t\000e\000g\000r\000a\000t\000i\000o\000n\000\040\000a\000n\000d\000\040\000P\000e\000r\000f\000o\000r\000m\000a\000n\000c\000e}{chapter.5}% 105
\BOOKMARK [2][-]{subsection.5.7.1}{\376\377\0005\000.\0007\000.\0001\000\040\000E\000n\000d\000-\000t\000o\000-\000E\000n\000d\000\040\000P\000i\000p\000e\000l\000i\000n\000e}{section.5.7}% 106
\BOOKMARK [2][-]{subsection.5.7.2}{\376\377\0005\000.\0007\000.\0002\000\040\000S\000t\000r\000e\000s\000s\000\040\000T\000e\000s\000t\000i\000n\000g}{section.5.7}% 107
\BOOKMARK [2][-]{subsection.5.7.3}{\376\377\0005\000.\0007\000.\0003\000\040\000P\000i\000p\000e\000l\000i\000n\000e\000\040\000L\000a\000t\000e\000n\000c\000y\000\040\000D\000e\000c\000o\000m\000p\000o\000s\000i\000t\000i\000o\000n}{section.5.7}% 108
\BOOKMARK [1][-]{section.5.8}{\376\377\0005\000.\0008\000\040\000E\000n\000e\000r\000g\000y\000\040\000C\000o\000n\000s\000u\000m\000p\000t\000i\000o\000n}{chapter.5}% 109
\BOOKMARK [2][-]{subsection.5.8.1}{\376\377\0005\000.\0008\000.\0001\000\040\000P\000e\000r\000-\000C\000o\000m\000p\000o\000n\000e\000n\000t\000\040\000E\000n\000e\000r\000g\000y\000\040\000B\000r\000e\000a\000k\000d\000o\000w\000n}{section.5.8}% 110
\BOOKMARK [2][-]{subsection.5.8.2}{\376\377\0005\000.\0008\000.\0002\000\040\000E\000n\000e\000r\000g\000y\000\040\000D\000i\000s\000t\000r\000i\000b\000u\000t\000i\000o\000n}{section.5.8}% 111
\BOOKMARK [2][-]{subsection.5.8.3}{\376\377\0005\000.\0008\000.\0003\000\040\000B\000a\000t\000t\000e\000r\000y\000\040\000L\000i\000f\000e\000\040\000P\000r\000o\000j\000e\000c\000t\000i\000o\000n\000s}{section.5.8}% 112
\BOOKMARK [1][-]{section.5.9}{\376\377\0005\000.\0009\000\040\000R\000e\000p\000r\000o\000d\000u\000c\000i\000b\000i\000l\000i\000t\000y\000\040\000A\000s\000s\000e\000s\000s\000m\000e\000n\000t}{chapter.5}% 113
\BOOKMARK [1][-]{section.5.10}{\376\377\0005\000.\0001\0000\000\040\000E\000v\000a\000l\000u\000a\000t\000i\000o\000n\000\040\000A\000g\000a\000i\000n\000s\000t\000\040\000O\000b\000j\000e\000c\000t\000i\000v\000e\000s}{chapter.5}% 114
\BOOKMARK [2][-]{subsection.5.10.1}{\376\377\0005\000.\0001\0000\000.\0001\000\040\000S\000u\000m\000m\000a\000r\000y\000\040\000o\000f\000\040\000F\000i\000n\000d\000i\000n\000g\000s}{section.5.10}% 115
\BOOKMARK [0][-]{chapter.6}{\376\377\0006\000\040\000C\000o\000n\000c\000l\000u\000s\000i\000o\000n\000\040\000a\000n\000d\000\040\000F\000u\000t\000u\000r\000e\000\040\000W\000o\000r\000k}{}% 116
\BOOKMARK [1][-]{section.6.1}{\376\377\0006\000.\0001\000\040\000S\000u\000m\000m\000a\000r\000y\000\040\000o\000f\000\040\000A\000c\000h\000i\000e\000v\000e\000m\000e\000n\000t\000s}{chapter.6}% 117
\BOOKMARK [1][-]{section.6.2}{\376\377\0006\000.\0002\000\040\000L\000i\000m\000i\000t\000a\000t\000i\000o\000n\000s}{chapter.6}% 118
\BOOKMARK [1][-]{section.6.3}{\376\377\0006\000.\0003\000\040\000F\000u\000t\000u\000r\000e\000\040\000W\000o\000r\000k}{chapter.6}% 119
\BOOKMARK [1][-]{section.6.4}{\376\377\0006\000.\0004\000\040\000L\000e\000s\000s\000o\000n\000s\000\040\000L\000e\000a\000r\000n\000e\000d}{chapter.6}% 120
\BOOKMARK [0][-]{chapter*.39}{\376\377\000R\000e\000f\000e\000r\000e\000n\000c\000e\000s}{}% 121
\BOOKMARK [0][-]{appendix.A}{\376\377\000A\000\040\000U\000s\000e\000r\000\040\000G\000u\000i\000d\000e\000\040\000a\000n\000d\000\040\000S\000c\000r\000e\000e\000n\000s\000h\000o\000t\000s}{}% 122
\BOOKMARK [1][-]{section.A.1}{\376\377\000A\000.\0001\000\040\000P\000r\000e\000r\000e\000q\000u\000i\000s\000i\000t\000e\000s}{appendix.A}% 123
\BOOKMARK [1][-]{section.A.2}{\376\377\000A\000.\0002\000\040\000I\000n\000s\000t\000a\000l\000l\000a\000t\000i\000o\000n}{appendix.A}% 124
\BOOKMARK [1][-]{section.A.3}{\376\377\000A\000.\0003\000\040\000A\000p\000p\000l\000i\000c\000a\000t\000i\000o\000n\000\040\000W\000a\000l\000k\000t\000h\000r\000o\000u\000g\000h}{appendix.A}% 125
\BOOKMARK [2][-]{subsection.A.3.1}{\376\377\000A\000.\0003\000.\0001\000\040\000M\000e\000n\000u\000\040\000B\000a\000r\000\040\000A\000p\000p\000l\000i\000c\000a\000t\000i\000o\000n}{section.A.3}% 126
\BOOKMARK [2][-]{subsection.A.3.2}{\376\377\000A\000.\0003\000.\0002\000\040\000C\000h\000a\000t\000\040\000I\000n\000t\000e\000r\000f\000a\000c\000e\000\040\000a\000n\000d\000\040\000B\000r\000a\000i\000n\000\040\000D\000u\000m\000p}{section.A.3}% 127
\BOOKMARK [2][-]{subsection.A.3.3}{\376\377\000A\000.\0003\000.\0003\000\040\000I\000n\000t\000e\000r\000v\000e\000n\000t\000i\000o\000n\000\040\000P\000o\000p\000u\000p}{section.A.3}% 128
\BOOKMARK [2][-]{subsection.A.3.4}{\376\377\000A\000.\0003\000.\0004\000\040\000R\000e\000a\000c\000t\000\040\000D\000a\000s\000h\000b\000o\000a\000r\000d}{section.A.3}% 129
\BOOKMARK [2][-]{subsection.A.3.5}{\376\377\000A\000.\0003\000.\0005\000\040\000S\000e\000t\000t\000i\000n\000g\000s\000\040\000P\000a\000n\000e\000l}{section.A.3}% 130
\BOOKMARK [0][-]{appendix.B}{\376\377\000B\000\040\000A\000d\000d\000i\000t\000i\000o\000n\000a\000l\000\040\000T\000e\000s\000t\000\040\000R\000e\000s\000u\000l\000t\000s}{}% 131
\BOOKMARK [1][-]{section.B.1}{\376\377\000B\000.\0001\000\040\000L\000L\000M\000\040\000I\000n\000f\000e\000r\000e\000n\000c\000e\000\040\000B\000e\000n\000c\000h\000m\000a\000r\000k}{appendix.B}% 132
\BOOKMARK [1][-]{section.B.2}{\376\377\000B\000.\0002\000\040\000S\000e\000n\000t\000i\000c\000N\000e\000t\000\040\000P\000i\000p\000e\000l\000i\000n\000e\000\040\000L\000a\000t\000e\000n\000c\000y}{appendix.B}% 133
\BOOKMARK [1][-]{section.B.3}{\376\377\000B\000.\0003\000\040\000C\000o\000n\000f\000u\000s\000i\000o\000n\000\040\000M\000a\000t\000r\000i\000c\000e\000s}{appendix.B}% 134
\BOOKMARK [2][-]{subsection.B.3.1}{\376\377\000B\000.\0003\000.\0001\000\040\000S\000e\000t\000F\000i\000t\000\040\000P\000r\000o\000d\000u\000c\000t\000i\000o\000n\000\040\000M\000o\000d\000e\000l\000\040\000\050\0008\0006\000\045\000\040\000A\000c\000c\000u\000r\000a\000c\000y\000\051}{section.B.3}% 135
\BOOKMARK [2][-]{subsection.B.3.2}{\376\377\000B\000.\0003\000.\0002\000\040\000H\000y\000b\000r\000i\000d\000\040\000A\000p\000p\000r\000o\000a\000c\000h\000\040\000\050\0007\0004\000\045\000\040\000A\000c\000c\000u\000r\000a\000c\000y\000,\000\040\000E\000m\000b\000e\000d\000d\000i\000n\000g\000\040\000O\000n\000l\000y\000\051}{section.B.3}% 136
\BOOKMARK [1][-]{section.B.4}{\376\377\000B\000.\0004\000\040\000E\000n\000e\000r\000g\000y\000\040\000C\000o\000n\000s\000u\000m\000p\000t\000i\000o\000n\000\040\000D\000e\000t\000a\000i\000l}{appendix.B}% 137
\BOOKMARK [1][-]{section.B.5}{\376\377\000B\000.\0005\000\040\000I\000d\000l\000e\000\040\000P\000o\000w\000e\000r\000\040\000B\000a\000s\000e\000l\000i\000n\000e}{appendix.B}% 138
\BOOKMARK [1][-]{section.B.6}{\376\377\000B\000.\0006\000\040\000P\000e\000r\000s\000o\000n\000a\000\040\000S\000i\000m\000u\000l\000a\000t\000i\000o\000n\000\040\000S\000u\000m\000m\000a\000r\000y}{appendix.B}% 139
\BOOKMARK [0][-]{appendix.C}{\376\377\000C\000\040\000A\000P\000I\000\040\000D\000o\000c\000u\000m\000e\000n\000t\000a\000t\000i\000o\000n}{}% 140
\BOOKMARK [1][-]{section.C.1}{\376\377\000C\000.\0001\000\040\000E\000n\000d\000p\000o\000i\000n\000t\000\040\000S\000u\000m\000m\000a\000r\000y}{appendix.C}% 141
\BOOKMARK [1][-]{section.C.2}{\376\377\000C\000.\0002\000\040\000C\000o\000r\000e\000\040\000E\000n\000d\000p\000o\000i\000n\000t\000s}{appendix.C}% 142
\BOOKMARK [2][-]{subsection.C.2.1}{\376\377\000C\000.\0002\000.\0001\000\040\000P\000O\000S\000T\000\040\000/\000c\000h\000a\000t\000/\000m\000e\000s\000s\000a\000g\000e}{section.C.2}% 143
\BOOKMARK [2][-]{subsection.C.2.2}{\376\377\000C\000.\0002\000.\0002\000\040\000P\000O\000S\000T\000\040\000/\000s\000c\000r\000e\000e\000n\000/\000a\000c\000t\000i\000v\000i\000t\000y}{section.C.2}% 144
\BOOKMARK [2][-]{subsection.C.2.3}{\376\377\000C\000.\0002\000.\0003\000\040\000P\000O\000S\000T\000\040\000/\000a\000p\000i\000/\000v\0001\000/\000v\000e\000n\000t\000/\000c\000h\000a\000t\000/\000s\000t\000r\000e\000a\000m}{section.C.2}% 145
\BOOKMARK [2][-]{subsection.C.2.4}{\376\377\000C\000.\0002\000.\0004\000\040\000P\000O\000S\000T\000\040\000/\000i\000n\000t\000e\000r\000v\000e\000n\000t\000i\000o\000n\000s\000/\000\173\000i\000d\000\175\000/\000r\000e\000s\000p\000o\000n\000d}{section.C.2}% 146
\BOOKMARK [1][-]{section.C.3}{\376\377\000C\000.\0003\000\040\000D\000a\000t\000a\000\040\000M\000o\000d\000e\000l\000\040\000S\000c\000h\000e\000m\000a\000s}{appendix.C}% 147
\BOOKMARK [2][-]{subsection.C.3.1}{\376\377\000C\000.\0003\000.\0001\000\040\000E\000m\000o\000t\000i\000o\000n\000D\000e\000t\000a\000i\000l}{section.C.3}% 148
\BOOKMARK [2][-]{subsection.C.3.2}{\376\377\000C\000.\0003\000.\0002\000\040\000I\000n\000t\000e\000r\000v\000e\000n\000t\000i\000o\000n}{section.C.3}% 149
\BOOKMARK [2][-]{subsection.C.3.3}{\376\377\000C\000.\0003\000.\0003\000\040\000S\000c\000r\000e\000e\000n\000A\000c\000t\000i\000v\000i\000t\000y\000I\000n\000p\000u\000t}{section.C.3}% 150
